[debug] [2021-04-03T22:49:40.972Z] ----------------------------------------------------------------------
[debug] [2021-04-03T22:49:40.975Z] Command:       C:\Program Files\nodejs\node.exe C:\Users\Sherry Potter\AppData\Roaming\npm\node_modules\firebase-tools\lib\bin\firebase.js init
[debug] [2021-04-03T22:49:40.976Z] CLI Version:   9.8.0
[debug] [2021-04-03T22:49:40.976Z] Platform:      win32
[debug] [2021-04-03T22:49:40.976Z] Node Version:  v12.16.1
[debug] [2021-04-03T22:49:40.977Z] Time:          Sun Apr 04 2021 03:49:40 GMT+0500 (Pakistan Standard Time)
[debug] [2021-04-03T22:49:40.977Z] ----------------------------------------------------------------------
[debug] 
[debug] [2021-04-03T22:49:40.986Z] > command requires scopes: ["email","openid","https://www.googleapis.com/auth/cloudplatformprojects.readonly","https://www.googleapis.com/auth/firebase","https://www.googleapis.com/auth/cloud-platform"]
[debug] [2021-04-03T22:49:40.987Z] > authorizing via signed-in user
[info] 
     ######## #### ########  ######## ########     ###     ######  ########
     ##        ##  ##     ## ##       ##     ##  ##   ##  ##       ##
     ######    ##  ########  ######   ########  #########  ######  ######
     ##        ##  ##    ##  ##       ##     ## ##     ##       ## ##
     ##       #### ##     ## ######## ########  ##     ##  ######  ########

You're about to initialize a Firebase project in this directory:

  C:\Users\Sherry Potter\Downloads\auth--04-finished\auth--04-finished

Before we get started, keep in mind:

  * You are initializing in an existing Firebase project directory

[info] 
=== Project Setup
[info] 
[info] First, let's associate this project directory with a Firebase project.
[info] You can create multiple project aliases by running firebase use --add, 
[info] but for now we'll just set up a default project.
[info] 
[info] i  .firebaserc already has a default project, using burger-builder-3f411. 
[debug] [2021-04-03T22:49:49.317Z] > refreshing access token with scopes: []
[debug] [2021-04-03T22:49:49.319Z] >>> HTTP REQUEST POST https://www.googleapis.com/oauth2/v3/token  
 <request body omitted>
[debug] [2021-04-03T22:49:49.981Z] <<< HTTP RESPONSE 200 {"date":"Sat, 03 Apr 2021 22:49:50 GMT","expires":"Mon, 01 Jan 1990 00:00:00 GMT","pragma":"no-cache","cache-control":"no-cache, no-store, max-age=0, must-revalidate","content-type":"application/json; charset=utf-8","vary":"X-Origin, Referer, Origin,Accept-Encoding","server":"scaffolding on HTTPServer2","x-xss-protection":"0","x-frame-options":"SAMEORIGIN","x-content-type-options":"nosniff","alt-svc":"h3-29=\":443\"; ma=2592000,h3-T051=\":443\"; ma=2592000,h3-Q050=\":443\"; ma=2592000,h3-Q046=\":443\"; ma=2592000,h3-Q043=\":443\"; ma=2592000,quic=\":443\"; ma=2592000; v=\"46,43\"","accept-ranges":"none","transfer-encoding":"chunked"}
[debug] [2021-04-03T22:49:50.038Z] >>> [apiv2][query] GET https://firebase.googleapis.com/v1beta1/projects/burger-builder-3f411 [none]
[debug] [2021-04-03T22:49:50.764Z] <<< [apiv2][status] GET https://firebase.googleapis.com/v1beta1/projects/burger-builder-3f411 200
[debug] [2021-04-03T22:49:50.765Z] <<< [apiv2][body] GET https://firebase.googleapis.com/v1beta1/projects/burger-builder-3f411 {"projectId":"burger-builder-3f411","projectNumber":"138717730457","displayName":"Burger Builder","name":"projects/burger-builder-3f411","resources":{"hostingSite":"burger-builder-3f411","realtimeDatabaseInstance":"burger-builder-3f411-default-rtdb"},"state":"ACTIVE"}
[info] 
=== Hosting Setup
[info] 
[info] Your public directory is the folder (relative to your project directory) that
[info] will contain Hosting assets to be uploaded with firebase deploy. If you
[info] have a build process for your assets, use your build's output directory.
[info] 
